# JRE version: OpenJDK Runtime Environment (8.0_242-b01) (build 1.8.0_242-release-1644-b01)
# Java VM: OpenJDK 64-Bit Server VM (25.242-b01 mixed mode windows-amd64 compressed oops)
Heap:
 PSYoungGen      total 459776K, used 257266K [0x00000000d5580000, 0x00000000f3c00000, 0x0000000100000000)
  eden space 437760K, 53% used [0x00000000d5580000,0x00000000e3b74be0,0x00000000f0100000)
  from space 22016K, 98% used [0x00000000f2680000,0x00000000f3bc7f18,0x00000000f3c00000)
  to   space 30208K, 0% used [0x00000000f0100000,0x00000000f0100000,0x00000000f1e80000)
 ParOldGen       total 107520K, used 53426K [0x0000000080000000, 0x0000000086900000, 0x00000000d5580000)
  object space 107520K, 49% used [0x0000000080000000,0x000000008342c8f0,0x0000000086900000)
 Metaspace       used 91393K, capacity 96278K, committed 96408K, reserved 1132544K
  class space    used 12235K, capacity 13162K, committed 13232K, reserved 1048576K
GC Heap History (10 events):
Event: 5.359 GC heap before
{Heap before GC invocations=11 (full 2):
 PSYoungGen      total 249344K, used 239104K [0x00000000d5580000, 0x00000000e5b00000, 0x0000000100000000)
  eden space 239104K, 100% used [0x00000000d5580000,0x00000000e3f00000,0x00000000e3f00000)
  from space 10240K, 0% used [0x00000000e5100000,0x00000000e5100000,0x00000000e5b00000)
  to   space 14336K, 0% used [0x00000000e3f00000,0x00000000e3f00000,0x00000000e4d00000)
 ParOldGen       total 68096K, used 14562K [0x0000000080000000, 0x0000000084280000, 0x00000000d5580000)
  object space 68096K, 21% used [0x0000000080000000,0x0000000080e38840,0x0000000084280000)
 Metaspace       used 46767K, capacity 48604K, committed 48680K, reserved 1091584K
  class space    used 6323K, capacity 6680K, committed 6704K, reserved 1048576K
Event: 5.379 GC heap after
Heap after GC invocations=11 (full 2):
 PSYoungGen      total 253440K, used 14322K [0x00000000d5580000, 0x00000000ec600000, 0x0000000100000000)
  eden space 239104K, 0% used [0x00000000d5580000,0x00000000d5580000,0x00000000e3f00000)
  from space 14336K, 99% used [0x00000000e3f00000,0x00000000e4cfc828,0x00000000e4d00000)
  to   space 18432K, 0% used [0x00000000eb400000,0x00000000eb400000,0x00000000ec600000)
 ParOldGen       total 68096K, used 19133K [0x0000000080000000, 0x0000000084280000, 0x00000000d5580000)
  object space 68096K, 28% used [0x0000000080000000,0x00000000812af550,0x0000000084280000)
 Metaspace       used 46767K, capacity 48604K, committed 48680K, reserved 1091584K
  class space    used 6323K, capacity 6680K, committed 6704K, reserved 1048576K
}
Event: 6.709 GC heap before
{Heap before GC invocations=12 (full 2):
 PSYoungGen      total 253440K, used 174181K [0x00000000d5580000, 0x00000000ec600000, 0x0000000100000000)
  eden space 239104K, 66% used [0x00000000d5580000,0x00000000df19cc48,0x00000000e3f00000)
  from space 14336K, 99% used [0x00000000e3f00000,0x00000000e4cfc828,0x00000000e4d00000)
  to   space 18432K, 0% used [0x00000000eb400000,0x00000000eb400000,0x00000000ec600000)
 ParOldGen       total 68096K, used 19133K [0x0000000080000000, 0x0000000084280000, 0x00000000d5580000)
  object space 68096K, 28% used [0x0000000080000000,0x00000000812af550,0x0000000084280000)
 Metaspace       used 56816K, capacity 59098K, committed 59160K, reserved 1099776K
  class space    used 7779K, capacity 8229K, committed 8240K, reserved 1048576K
Event: 6.737 GC heap after
Heap after GC invocations=12 (full 2):
 PSYoungGen      total 353280K, used 18428K [0x00000000d5580000, 0x00000000ecb80000, 0x0000000100000000)
  eden space 334848K, 0% used [0x00000000d5580000,0x00000000d5580000,0x00000000e9c80000)
  from space 18432K, 99% used [0x00000000eb400000,0x00000000ec5ff320,0x00000000ec600000)
  to   space 24064K, 0% used [0x00000000e9c80000,0x00000000e9c80000,0x00000000eb400000)
 ParOldGen       total 68096K, used 28219K [0x0000000080000000, 0x0000000084280000, 0x00000000d5580000)
  object space 68096K, 41% used [0x0000000080000000,0x0000000081b8ee80,0x0000000084280000)
 Metaspace       used 56816K, capacity 59098K, committed 59160K, reserved 1099776K
  class space    used 7779K, capacity 8229K, committed 8240K, reserved 1048576K
}
Event: 6.737 GC heap before
{Heap before GC invocations=13 (full 3):
 PSYoungGen      total 353280K, used 18428K [0x00000000d5580000, 0x00000000ecb80000, 0x0000000100000000)
  eden space 334848K, 0% used [0x00000000d5580000,0x00000000d5580000,0x00000000e9c80000)
  from space 18432K, 99% used [0x00000000eb400000,0x00000000ec5ff320,0x00000000ec600000)
  to   space 24064K, 0% used [0x00000000e9c80000,0x00000000e9c80000,0x00000000eb400000)
 ParOldGen       total 68096K, used 28219K [0x0000000080000000, 0x0000000084280000, 0x00000000d5580000)
  object space 68096K, 41% used [0x0000000080000000,0x0000000081b8ee80,0x0000000084280000)
 Metaspace       used 56816K, capacity 59098K, committed 59160K, reserved 1099776K
  class space    used 7779K, capacity 8229K, committed 8240K, reserved 1048576K
Event: 6.909 GC heap after
Heap after GC invocations=13 (full 3):
 PSYoungGen      total 353280K, used 0K [0x00000000d5580000, 0x00000000ecb80000, 0x0000000100000000)
  eden space 334848K, 0% used [0x00000000d5580000,0x00000000d5580000,0x00000000e9c80000)
  from space 18432K, 0% used [0x00000000eb400000,0x00000000eb400000,0x00000000ec600000)
  to   space 24064K, 0% used [0x00000000e9c80000,0x00000000e9c80000,0x00000000eb400000)
 ParOldGen       total 107520K, used 39326K [0x0000000080000000, 0x0000000086900000, 0x00000000d5580000)
  object space 107520K, 36% used [0x0000000080000000,0x0000000082667898,0x0000000086900000)
 Metaspace       used 56816K, capacity 59098K, committed 59160K, reserved 1099776K
  class space    used 7779K, capacity 8229K, committed 8240K, reserved 1048576K
}
Event: 9.560 GC heap before
{Heap before GC invocations=14 (full 3):
 PSYoungGen      total 353280K, used 334848K [0x00000000d5580000, 0x00000000ecb80000, 0x0000000100000000)
  eden space 334848K, 100% used [0x00000000d5580000,0x00000000e9c80000,0x00000000e9c80000)
  from space 18432K, 0% used [0x00000000eb400000,0x00000000eb400000,0x00000000ec600000)
  to   space 24064K, 0% used [0x00000000e9c80000,0x00000000e9c80000,0x00000000eb400000)
 ParOldGen       total 107520K, used 39326K [0x0000000080000000, 0x0000000086900000, 0x00000000d5580000)
  object space 107520K, 36% used [0x0000000080000000,0x0000000082667898,0x0000000086900000)
 Metaspace       used 68647K, capacity 71886K, committed 72088K, reserved 1112064K
  class space    used 9447K, capacity 10065K, committed 10160K, reserved 1048576K
Event: 9.579 GC heap after
Heap after GC invocations=14 (full 3):
 PSYoungGen      total 358912K, used 24056K [0x00000000d5580000, 0x00000000f4200000, 0x0000000100000000)
  eden space 334848K, 0% used [0x00000000d5580000,0x00000000d5580000,0x00000000e9c80000)
  from space 24064K, 99% used [0x00000000e9c80000,0x00000000eb3fe118,0x00000000eb400000)
  to   space 28160K, 0% used [0x00000000f2680000,0x00000000f2680000,0x00000000f4200000)
 ParOldGen       total 107520K, used 39464K [0x0000000080000000, 0x0000000086900000, 0x00000000d5580000)
  object space 107520K, 36% used [0x0000000080000000,0x000000008268a150,0x0000000086900000)
 Metaspace       used 68647K, capacity 71886K, committed 72088K, reserved 1112064K
  class space    used 9447K, capacity 10065K, committed 10160K, reserved 1048576K
}
Event: 12.571 GC heap before
{Heap before GC invocations=15 (full 3):
 PSYoungGen      total 358912K, used 358904K [0x00000000d5580000, 0x00000000f4200000, 0x0000000100000000)
  eden space 334848K, 100% used [0x00000000d5580000,0x00000000e9c80000,0x00000000e9c80000)
  from space 24064K, 99% used [0x00000000e9c80000,0x00000000eb3fe118,0x00000000eb400000)
  to   space 28160K, 0% used [0x00000000f2680000,0x00000000f2680000,0x00000000f4200000)
 ParOldGen       total 107520K, used 39464K [0x0000000080000000, 0x0000000086900000, 0x00000000d5580000)
  object space 107520K, 36% used [0x0000000080000000,0x000000008268a150,0x0000000086900000)
 Metaspace       used 88442K, capacity 93154K, committed 93336K, reserved 1130496K
  class space    used 12057K, capacity 12962K, committed 12976K, reserved 1048576K
Event: 12.603 GC heap after
Heap after GC invocations=15 (full 3):
 PSYoungGen      total 459776K, used 21791K [0x00000000d5580000, 0x00000000f3c00000, 0x0000000100000000)
  eden space 437760K, 0% used [0x00000000d5580000,0x00000000d5580000,0x00000000f0100000)
  from space 22016K, 98% used [0x00000000f2680000,0x00000000f3bc7f18,0x00000000f3c00000)
  to   space 30208K, 0% used [0x00000000f0100000,0x00000000f0100000,0x00000000f1e80000)
 ParOldGen       total 107520K, used 53426K [0x0000000080000000, 0x0000000086900000, 0x00000000d5580000)
  object space 107520K, 49% used [0x0000000080000000,0x000000008342c8f0,0x0000000086900000)
 Metaspace       used 88442K, capacity 93154K, committed 93336K, reserved 1130496K
  class space    used 12057K, capacity 12962K, committed 12976K, reserved 1048576K
}

