# JRE version: OpenJDK Runtime Environment (8.0_242-b01) (build 1.8.0_242-release-1644-b01)
# Java VM: OpenJDK 64-Bit Server VM (25.242-b01 mixed mode windows-amd64 compressed oops)
Heap:
 PSYoungGen      total 422400K, used 86938K [0x00000000d5580000, 0x00000000f4100000, 0x0000000100000000)
  eden space 369152K, 19% used [0x00000000d5580000,0x00000000d9bf5218,0x00000000ebe00000)
  from space 53248K, 27% used [0x00000000ebe00000,0x00000000ecc71908,0x00000000ef200000)
  to   space 51200K, 0% used [0x00000000f0f00000,0x00000000f0f00000,0x00000000f4100000)
 ParOldGen       total 257024K, used 68877K [0x0000000080000000, 0x000000008fb00000, 0x00000000d5580000)
  object space 257024K, 26% used [0x0000000080000000,0x0000000084343518,0x000000008fb00000)
 Metaspace       used 106047K, capacity 112490K, committed 112716K, reserved 1146880K
  class space    used 13960K, capacity 15190K, committed 15232K, reserved 1048576K
GC Heap History (10 events):
Event: 1979.053 GC heap before
{Heap before GC invocations=17 (full 4):
 PSYoungGen      total 314880K, used 33203K [0x00000000d5580000, 0x00000000efb80000, 0x0000000100000000)
  eden space 258560K, 0% used [0x00000000d5580000,0x00000000d5580000,0x00000000e5200000)
  from space 56320K, 58% used [0x00000000e5200000,0x00000000e726ccd0,0x00000000e8900000)
  to   space 56832K, 0% used [0x00000000ec400000,0x00000000ec400000,0x00000000efb80000)
 ParOldGen       total 175104K, used 90547K [0x0000000080000000, 0x000000008ab00000, 0x00000000d5580000)
  object space 175104K, 51% used [0x0000000080000000,0x000000008586cfc8,0x000000008ab00000)
 Metaspace       used 93535K, capacity 98214K, committed 98380K, reserved 1134592K
  class space    used 12408K, capacity 13370K, committed 13440K, reserved 1048576K
Event: 1979.239 GC heap after
Heap after GC invocations=17 (full 4):
 PSYoungGen      total 314880K, used 0K [0x00000000d5580000, 0x00000000efb80000, 0x0000000100000000)
  eden space 258560K, 0% used [0x00000000d5580000,0x00000000d5580000,0x00000000e5200000)
  from space 56320K, 0% used [0x00000000e5200000,0x00000000e5200000,0x00000000e8900000)
  to   space 56832K, 0% used [0x00000000ec400000,0x00000000ec400000,0x00000000efb80000)
 ParOldGen       total 257024K, used 68837K [0x0000000080000000, 0x000000008fb00000, 0x00000000d5580000)
  object space 257024K, 26% used [0x0000000080000000,0x0000000084339518,0x000000008fb00000)
 Metaspace       used 93439K, capacity 97914K, committed 98380K, reserved 1134592K
  class space    used 12376K, capacity 13314K, committed 13440K, reserved 1048576K
}
Event: 2695.929 GC heap before
{Heap before GC invocations=18 (full 4):
 PSYoungGen      total 314880K, used 258560K [0x00000000d5580000, 0x00000000efb80000, 0x0000000100000000)
  eden space 258560K, 100% used [0x00000000d5580000,0x00000000e5200000,0x00000000e5200000)
  from space 56320K, 0% used [0x00000000e5200000,0x00000000e5200000,0x00000000e8900000)
  to   space 56832K, 0% used [0x00000000ec400000,0x00000000ec400000,0x00000000efb80000)
 ParOldGen       total 257024K, used 68837K [0x0000000080000000, 0x000000008fb00000, 0x00000000d5580000)
  object space 257024K, 26% used [0x0000000080000000,0x0000000084339518,0x000000008fb00000)
 Metaspace       used 103720K, capacity 109426K, committed 109644K, reserved 1144832K
  class space    used 13840K, capacity 14950K, committed 14976K, reserved 1048576K
Event: 2695.958 GC heap after
Heap after GC invocations=18 (full 4):
 PSYoungGen      total 373248K, used 29739K [0x00000000d5580000, 0x00000000ef980000, 0x0000000100000000)
  eden space 318464K, 0% used [0x00000000d5580000,0x00000000d5580000,0x00000000e8c80000)
  from space 54784K, 54% used [0x00000000ec400000,0x00000000ee10af70,0x00000000ef980000)
  to   space 55808K, 0% used [0x00000000e8c80000,0x00000000e8c80000,0x00000000ec300000)
 ParOldGen       total 257024K, used 68845K [0x0000000080000000, 0x000000008fb00000, 0x00000000d5580000)
  object space 257024K, 26% used [0x0000000080000000,0x000000008433b518,0x000000008fb00000)
 Metaspace       used 103720K, capacity 109426K, committed 109644K, reserved 1144832K
  class space    used 13840K, capacity 14950K, committed 14976K, reserved 1048576K
}
Event: 2725.092 GC heap before
{Heap before GC invocations=19 (full 4):
 PSYoungGen      total 373248K, used 348203K [0x00000000d5580000, 0x00000000ef980000, 0x0000000100000000)
  eden space 318464K, 100% used [0x00000000d5580000,0x00000000e8c80000,0x00000000e8c80000)
  from space 54784K, 54% used [0x00000000ec400000,0x00000000ee10af70,0x00000000ef980000)
  to   space 55808K, 0% used [0x00000000e8c80000,0x00000000e8c80000,0x00000000ec300000)
 ParOldGen       total 257024K, used 68845K [0x0000000080000000, 0x000000008fb00000, 0x00000000d5580000)
  object space 257024K, 26% used [0x0000000080000000,0x000000008433b518,0x000000008fb00000)
 Metaspace       used 104702K, capacity 110552K, committed 110796K, reserved 1144832K
  class space    used 13866K, capacity 15019K, committed 15104K, reserved 1048576K
Event: 2725.111 GC heap after
Heap after GC invocations=19 (full 4):
 PSYoungGen      total 374272K, used 13690K [0x00000000d5580000, 0x00000000f3300000, 0x0000000100000000)
  eden space 318464K, 0% used [0x00000000d5580000,0x00000000d5580000,0x00000000e8c80000)
  from space 55808K, 24% used [0x00000000e8c80000,0x00000000e99de880,0x00000000ec300000)
  to   space 54272K, 0% used [0x00000000efe00000,0x00000000efe00000,0x00000000f3300000)
 ParOldGen       total 257024K, used 68861K [0x0000000080000000, 0x000000008fb00000, 0x00000000d5580000)
  object space 257024K, 26% used [0x0000000080000000,0x000000008433f518,0x000000008fb00000)
 Metaspace       used 104702K, capacity 110552K, committed 110796K, reserved 1144832K
  class space    used 13866K, capacity 15019K, committed 15104K, reserved 1048576K
}
Event: 2789.247 GC heap before
{Heap before GC invocations=20 (full 4):
 PSYoungGen      total 374272K, used 332154K [0x00000000d5580000, 0x00000000f3300000, 0x0000000100000000)
  eden space 318464K, 100% used [0x00000000d5580000,0x00000000e8c80000,0x00000000e8c80000)
  from space 55808K, 24% used [0x00000000e8c80000,0x00000000e99de880,0x00000000ec300000)
  to   space 54272K, 0% used [0x00000000efe00000,0x00000000efe00000,0x00000000f3300000)
 ParOldGen       total 257024K, used 68861K [0x0000000080000000, 0x000000008fb00000, 0x00000000d5580000)
  object space 257024K, 26% used [0x0000000080000000,0x000000008433f518,0x000000008fb00000)
 Metaspace       used 105225K, capacity 111148K, committed 111308K, reserved 1144832K
  class space    used 13876K, capacity 15037K, committed 15104K, reserved 1048576K
Event: 2789.264 GC heap after
Heap after GC invocations=20 (full 4):
 PSYoungGen      total 410112K, used 10949K [0x00000000d5580000, 0x00000000f2600000, 0x0000000100000000)
  eden space 369152K, 0% used [0x00000000d5580000,0x00000000d5580000,0x00000000ebe00000)
  from space 40960K, 26% used [0x00000000efe00000,0x00000000f08b14d8,0x00000000f2600000)
  to   space 53248K, 0% used [0x00000000ebe00000,0x00000000ebe00000,0x00000000ef200000)
 ParOldGen       total 257024K, used 68869K [0x0000000080000000, 0x000000008fb00000, 0x00000000d5580000)
  object space 257024K, 26% used [0x0000000080000000,0x0000000084341518,0x000000008fb00000)
 Metaspace       used 105225K, capacity 111148K, committed 111308K, reserved 1144832K
  class space    used 13876K, capacity 15037K, committed 15104K, reserved 1048576K
}
Event: 2883.593 GC heap before
{Heap before GC invocations=21 (full 4):
 PSYoungGen      total 410112K, used 380101K [0x00000000d5580000, 0x00000000f2600000, 0x0000000100000000)
  eden space 369152K, 100% used [0x00000000d5580000,0x00000000ebe00000,0x00000000ebe00000)
  from space 40960K, 26% used [0x00000000efe00000,0x00000000f08b14d8,0x00000000f2600000)
  to   space 53248K, 0% used [0x00000000ebe00000,0x00000000ebe00000,0x00000000ef200000)
 ParOldGen       total 257024K, used 68869K [0x0000000080000000, 0x000000008fb00000, 0x00000000d5580000)
  object space 257024K, 26% used [0x0000000080000000,0x0000000084341518,0x000000008fb00000)
 Metaspace       used 105714K, capacity 112022K, committed 112204K, reserved 1146880K
  class space    used 13918K, capacity 15112K, committed 15232K, reserved 1048576K
Event: 2883.606 GC heap after
Heap after GC invocations=21 (full 4):
 PSYoungGen      total 422400K, used 14790K [0x00000000d5580000, 0x00000000f4100000, 0x0000000100000000)
  eden space 369152K, 0% used [0x00000000d5580000,0x00000000d5580000,0x00000000ebe00000)
  from space 53248K, 27% used [0x00000000ebe00000,0x00000000ecc71908,0x00000000ef200000)
  to   space 51200K, 0% used [0x00000000f0f00000,0x00000000f0f00000,0x00000000f4100000)
 ParOldGen       total 257024K, used 68877K [0x0000000080000000, 0x000000008fb00000, 0x00000000d5580000)
  object space 257024K, 26% used [0x0000000080000000,0x0000000084343518,0x000000008fb00000)
 Metaspace       used 105714K, capacity 112022K, committed 112204K, reserved 1146880K
  class space    used 13918K, capacity 15112K, committed 15232K, reserved 1048576K
}

