# JRE version: OpenJDK Runtime Environment (8.0_242-b01) (build 1.8.0_242-release-1644-b01)
# Java VM: OpenJDK 64-Bit Server VM (25.242-b01 mixed mode windows-amd64 compressed oops)
Heap:
 PSYoungGen      total 369152K, used 167217K [0x00000000d5580000, 0x00000000f4800000, 0x0000000100000000)
  eden space 344576K, 41% used [0x00000000d5580000,0x00000000de0cf6f8,0x00000000ea600000)
  from space 24576K, 99% used [0x00000000ea600000,0x00000000ebdfcdc8,0x00000000ebe00000)
  to   space 28672K, 0% used [0x00000000f2c00000,0x00000000f2c00000,0x00000000f4800000)
 ParOldGen       total 105472K, used 40238K [0x0000000080000000, 0x0000000086700000, 0x00000000d5580000)
  object space 105472K, 38% used [0x0000000080000000,0x000000008274b840,0x0000000086700000)
 Metaspace       used 72479K, capacity 75764K, committed 76056K, reserved 1116160K
  class space    used 9628K, capacity 10234K, committed 10288K, reserved 1048576K
GC Heap History (10 events):
Event: 2.588 GC heap before
{Heap before GC invocations=10 (full 2):
 PSYoungGen      total 257536K, used 8100K [0x00000000d5580000, 0x00000000e6180000, 0x0000000100000000)
  eden space 245760K, 0% used [0x00000000d5580000,0x00000000d5580000,0x00000000e4580000)
  from space 11776K, 68% used [0x00000000e5600000,0x00000000e5de93d0,0x00000000e6180000)
  to   space 14336K, 0% used [0x00000000e4580000,0x00000000e4580000,0x00000000e5380000)
 ParOldGen       total 50176K, used 8884K [0x0000000080000000, 0x0000000083100000, 0x00000000d5580000)
  object space 50176K, 17% used [0x0000000080000000,0x00000000808ad3a0,0x0000000083100000)
 Metaspace       used 34274K, capacity 35426K, committed 35496K, reserved 1079296K
  class space    used 4724K, capacity 5006K, committed 5040K, reserved 1048576K
Event: 2.633 GC heap after
Heap after GC invocations=10 (full 2):
 PSYoungGen      total 257536K, used 0K [0x00000000d5580000, 0x00000000e6180000, 0x0000000100000000)
  eden space 245760K, 0% used [0x00000000d5580000,0x00000000d5580000,0x00000000e4580000)
  from space 11776K, 0% used [0x00000000e5600000,0x00000000e5600000,0x00000000e6180000)
  to   space 14336K, 0% used [0x00000000e4580000,0x00000000e4580000,0x00000000e5380000)
 ParOldGen       total 66560K, used 14553K [0x0000000080000000, 0x0000000084100000, 0x00000000d5580000)
  object space 66560K, 21% used [0x0000000080000000,0x0000000080e36518,0x0000000084100000)
 Metaspace       used 34274K, capacity 35426K, committed 35496K, reserved 1079296K
  class space    used 4724K, capacity 5006K, committed 5040K, reserved 1048576K
}
Event: 3.925 GC heap before
{Heap before GC invocations=11 (full 2):
 PSYoungGen      total 257536K, used 245760K [0x00000000d5580000, 0x00000000e6180000, 0x0000000100000000)
  eden space 245760K, 100% used [0x00000000d5580000,0x00000000e4580000,0x00000000e4580000)
  from space 11776K, 0% used [0x00000000e5600000,0x00000000e5600000,0x00000000e6180000)
  to   space 14336K, 0% used [0x00000000e4580000,0x00000000e4580000,0x00000000e5380000)
 ParOldGen       total 66560K, used 14553K [0x0000000080000000, 0x0000000084100000, 0x00000000d5580000)
  object space 66560K, 21% used [0x0000000080000000,0x0000000080e36518,0x0000000084100000)
 Metaspace       used 47703K, capacity 49600K, committed 49960K, reserved 1091584K
  class space    used 6444K, capacity 6852K, committed 6960K, reserved 1048576K
Event: 3.937 GC heap after
Heap after GC invocations=11 (full 2):
 PSYoungGen      total 260096K, used 14309K [0x00000000d5580000, 0x00000000ed080000, 0x0000000100000000)
  eden space 245760K, 0% used [0x00000000d5580000,0x00000000d5580000,0x00000000e4580000)
  from space 14336K, 99% used [0x00000000e4580000,0x00000000e5379558,0x00000000e5380000)
  to   space 18944K, 0% used [0x00000000ebe00000,0x00000000ebe00000,0x00000000ed080000)
 ParOldGen       total 66560K, used 20714K [0x0000000080000000, 0x0000000084100000, 0x00000000d5580000)
  object space 66560K, 31% used [0x0000000080000000,0x000000008143abb8,0x0000000084100000)
 Metaspace       used 47703K, capacity 49600K, committed 49960K, reserved 1091584K
  class space    used 6444K, capacity 6852K, committed 6960K, reserved 1048576K
}
Event: 4.985 GC heap before
{Heap before GC invocations=12 (full 2):
 PSYoungGen      total 260096K, used 166323K [0x00000000d5580000, 0x00000000ed080000, 0x0000000100000000)
  eden space 245760K, 61% used [0x00000000d5580000,0x00000000de9f3770,0x00000000e4580000)
  from space 14336K, 99% used [0x00000000e4580000,0x00000000e5379558,0x00000000e5380000)
  to   space 18944K, 0% used [0x00000000ebe00000,0x00000000ebe00000,0x00000000ed080000)
 ParOldGen       total 66560K, used 20714K [0x0000000080000000, 0x0000000084100000, 0x00000000d5580000)
  object space 66560K, 31% used [0x0000000080000000,0x000000008143abb8,0x0000000084100000)
 Metaspace       used 56817K, capacity 59118K, committed 59160K, reserved 1099776K
  class space    used 7779K, capacity 8233K, committed 8240K, reserved 1048576K
Event: 5.015 GC heap after
Heap after GC invocations=12 (full 2):
 PSYoungGen      total 363520K, used 18924K [0x00000000d5580000, 0x00000000ed680000, 0x0000000100000000)
  eden space 344576K, 0% used [0x00000000d5580000,0x00000000d5580000,0x00000000ea600000)
  from space 18944K, 99% used [0x00000000ebe00000,0x00000000ed07b330,0x00000000ed080000)
  to   space 24576K, 0% used [0x00000000ea600000,0x00000000ea600000,0x00000000ebe00000)
 ParOldGen       total 66560K, used 28292K [0x0000000080000000, 0x0000000084100000, 0x00000000d5580000)
  object space 66560K, 42% used [0x0000000080000000,0x0000000081ba1128,0x0000000084100000)
 Metaspace       used 56817K, capacity 59118K, committed 59160K, reserved 1099776K
  class space    used 7779K, capacity 8233K, committed 8240K, reserved 1048576K
}
Event: 5.015 GC heap before
{Heap before GC invocations=13 (full 3):
 PSYoungGen      total 363520K, used 18924K [0x00000000d5580000, 0x00000000ed680000, 0x0000000100000000)
  eden space 344576K, 0% used [0x00000000d5580000,0x00000000d5580000,0x00000000ea600000)
  from space 18944K, 99% used [0x00000000ebe00000,0x00000000ed07b330,0x00000000ed080000)
  to   space 24576K, 0% used [0x00000000ea600000,0x00000000ea600000,0x00000000ebe00000)
 ParOldGen       total 66560K, used 28292K [0x0000000080000000, 0x0000000084100000, 0x00000000d5580000)
  object space 66560K, 42% used [0x0000000080000000,0x0000000081ba1128,0x0000000084100000)
 Metaspace       used 56817K, capacity 59118K, committed 59160K, reserved 1099776K
  class space    used 7779K, capacity 8233K, committed 8240K, reserved 1048576K
Event: 5.198 GC heap after
Heap after GC invocations=13 (full 3):
 PSYoungGen      total 363520K, used 0K [0x00000000d5580000, 0x00000000ed680000, 0x0000000100000000)
  eden space 344576K, 0% used [0x00000000d5580000,0x00000000d5580000,0x00000000ea600000)
  from space 18944K, 0% used [0x00000000ebe00000,0x00000000ebe00000,0x00000000ed080000)
  to   space 24576K, 0% used [0x00000000ea600000,0x00000000ea600000,0x00000000ebe00000)
 ParOldGen       total 105472K, used 38374K [0x0000000080000000, 0x0000000086700000, 0x00000000d5580000)
  object space 105472K, 36% used [0x0000000080000000,0x00000000825798a8,0x0000000086700000)
 Metaspace       used 56808K, capacity 59088K, committed 59160K, reserved 1099776K
  class space    used 7776K, capacity 8228K, committed 8240K, reserved 1048576K
}
Event: 8.143 GC heap before
{Heap before GC invocations=14 (full 3):
 PSYoungGen      total 363520K, used 344576K [0x00000000d5580000, 0x00000000ed680000, 0x0000000100000000)
  eden space 344576K, 100% used [0x00000000d5580000,0x00000000ea600000,0x00000000ea600000)
  from space 18944K, 0% used [0x00000000ebe00000,0x00000000ebe00000,0x00000000ed080000)
  to   space 24576K, 0% used [0x00000000ea600000,0x00000000ea600000,0x00000000ebe00000)
 ParOldGen       total 105472K, used 38374K [0x0000000080000000, 0x0000000086700000, 0x00000000d5580000)
  object space 105472K, 36% used [0x0000000080000000,0x00000000825798a8,0x0000000086700000)
 Metaspace       used 69341K, capacity 72624K, committed 72856K, reserved 1112064K
  class space    used 9455K, capacity 10078K, committed 10160K, reserved 1048576K
Event: 8.162 GC heap after
Heap after GC invocations=14 (full 3):
 PSYoungGen      total 369152K, used 24563K [0x00000000d5580000, 0x00000000f4800000, 0x0000000100000000)
  eden space 344576K, 0% used [0x00000000d5580000,0x00000000d5580000,0x00000000ea600000)
  from space 24576K, 99% used [0x00000000ea600000,0x00000000ebdfcdc8,0x00000000ebe00000)
  to   space 28672K, 0% used [0x00000000f2c00000,0x00000000f2c00000,0x00000000f4800000)
 ParOldGen       total 105472K, used 40238K [0x0000000080000000, 0x0000000086700000, 0x00000000d5580000)
  object space 105472K, 38% used [0x0000000080000000,0x000000008274b840,0x0000000086700000)
 Metaspace       used 69341K, capacity 72624K, committed 72856K, reserved 1112064K
  class space    used 9455K, capacity 10078K, committed 10160K, reserved 1048576K
}

