# JRE version: OpenJDK Runtime Environment (8.0_242-b01) (build 1.8.0_242-release-1644-b01)
# Java VM: OpenJDK 64-Bit Server VM (25.242-b01 mixed mode windows-amd64 compressed oops)
Heap:
 PSYoungGen      total 475136K, used 379204K [0x00000000d5580000, 0x00000000f5980000, 0x0000000100000000)
  eden space 449536K, 78% used [0x00000000d5580000,0x00000000eaed1c40,0x00000000f0c80000)
  from space 25600K, 99% used [0x00000000f4080000,0x00000000f597f470,0x00000000f5980000)
  to   space 30208K, 0% used [0x00000000f1e80000,0x00000000f1e80000,0x00000000f3c00000)
 ParOldGen       total 133632K, used 40528K [0x0000000080000000, 0x0000000088280000, 0x00000000d5580000)
  object space 133632K, 30% used [0x0000000080000000,0x0000000082794020,0x0000000088280000)
 Metaspace       used 73825K, capacity 77416K, committed 77592K, reserved 1116160K
  class space    used 9758K, capacity 10434K, committed 10536K, reserved 1048576K
GC Heap History (10 events):
Event: 2.701 GC heap before
{Heap before GC invocations=9 (full 2):
 PSYoungGen      total 276480K, used 8164K [0x00000000d5580000, 0x00000000ee600000, 0x0000000100000000)
  eden space 260096K, 0% used [0x00000000d5580000,0x00000000d5580000,0x00000000e5380000)
  from space 16384K, 49% used [0x00000000e5380000,0x00000000e5b793d0,0x00000000e6380000)
  to   space 15360K, 0% used [0x00000000ed700000,0x00000000ed700000,0x00000000ee600000)
 ParOldGen       total 56832K, used 7590K [0x0000000080000000, 0x0000000083780000, 0x00000000d5580000)
  object space 56832K, 13% used [0x0000000080000000,0x0000000080769880,0x0000000083780000)
 Metaspace       used 34256K, capacity 35426K, committed 35496K, reserved 1079296K
  class space    used 4716K, capacity 5006K, committed 5032K, reserved 1048576K
Event: 2.761 GC heap after
Heap after GC invocations=9 (full 2):
 PSYoungGen      total 276480K, used 0K [0x00000000d5580000, 0x00000000ee600000, 0x0000000100000000)
  eden space 260096K, 0% used [0x00000000d5580000,0x00000000d5580000,0x00000000e5380000)
  from space 16384K, 0% used [0x00000000e5380000,0x00000000e5380000,0x00000000e6380000)
  to   space 15360K, 0% used [0x00000000ed700000,0x00000000ed700000,0x00000000ee600000)
 ParOldGen       total 84992K, used 14506K [0x0000000080000000, 0x0000000085300000, 0x00000000d5580000)
  object space 84992K, 17% used [0x0000000080000000,0x0000000080e2aa48,0x0000000085300000)
 Metaspace       used 34256K, capacity 35426K, committed 35496K, reserved 1079296K
  class space    used 4716K, capacity 5006K, committed 5032K, reserved 1048576K
}
Event: 4.039 GC heap before
{Heap before GC invocations=10 (full 2):
 PSYoungGen      total 276480K, used 260096K [0x00000000d5580000, 0x00000000ee600000, 0x0000000100000000)
  eden space 260096K, 100% used [0x00000000d5580000,0x00000000e5380000,0x00000000e5380000)
  from space 16384K, 0% used [0x00000000e5380000,0x00000000e5380000,0x00000000e6380000)
  to   space 15360K, 0% used [0x00000000ed700000,0x00000000ed700000,0x00000000ee600000)
 ParOldGen       total 84992K, used 14506K [0x0000000080000000, 0x0000000085300000, 0x00000000d5580000)
  object space 84992K, 17% used [0x0000000080000000,0x0000000080e2aa48,0x0000000085300000)
 Metaspace       used 48016K, capacity 49888K, committed 50216K, reserved 1093632K
  class space    used 6479K, capacity 6884K, committed 6952K, reserved 1048576K
Event: 4.051 GC heap after
Heap after GC invocations=10 (full 2):
 PSYoungGen      total 390144K, used 15328K [0x00000000d5580000, 0x00000000ef100000, 0x0000000100000000)
  eden space 374784K, 0% used [0x00000000d5580000,0x00000000d5580000,0x00000000ec380000)
  from space 15360K, 99% used [0x00000000ed700000,0x00000000ee5f82e0,0x00000000ee600000)
  to   space 19968K, 0% used [0x00000000ec380000,0x00000000ec380000,0x00000000ed700000)
 ParOldGen       total 84992K, used 20271K [0x0000000080000000, 0x0000000085300000, 0x00000000d5580000)
  object space 84992K, 23% used [0x0000000080000000,0x00000000813cbd28,0x0000000085300000)
 Metaspace       used 48016K, capacity 49888K, committed 50216K, reserved 1093632K
  class space    used 6479K, capacity 6884K, committed 6952K, reserved 1048576K
}
Event: 4.972 GC heap before
{Heap before GC invocations=11 (full 2):
 PSYoungGen      total 390144K, used 165514K [0x00000000d5580000, 0x00000000ef100000, 0x0000000100000000)
  eden space 374784K, 40% used [0x00000000d5580000,0x00000000de82a728,0x00000000ec380000)
  from space 15360K, 99% used [0x00000000ed700000,0x00000000ee5f82e0,0x00000000ee600000)
  to   space 19968K, 0% used [0x00000000ec380000,0x00000000ec380000,0x00000000ed700000)
 ParOldGen       total 84992K, used 20271K [0x0000000080000000, 0x0000000085300000, 0x00000000d5580000)
  object space 84992K, 23% used [0x0000000080000000,0x00000000813cbd28,0x0000000085300000)
 Metaspace       used 56569K, capacity 58964K, committed 59160K, reserved 1099776K
  class space    used 7738K, capacity 8202K, committed 8232K, reserved 1048576K
Event: 4.996 GC heap after
Heap after GC invocations=11 (full 2):
 PSYoungGen      total 394752K, used 19948K [0x00000000d5580000, 0x00000000f5980000, 0x0000000100000000)
  eden space 374784K, 0% used [0x00000000d5580000,0x00000000d5580000,0x00000000ec380000)
  from space 19968K, 99% used [0x00000000ec380000,0x00000000ed6fb330,0x00000000ed700000)
  to   space 25600K, 0% used [0x00000000f4080000,0x00000000f4080000,0x00000000f5980000)
 ParOldGen       total 84992K, used 26019K [0x0000000080000000, 0x0000000085300000, 0x00000000d5580000)
  object space 84992K, 30% used [0x0000000080000000,0x0000000081968c68,0x0000000085300000)
 Metaspace       used 56569K, capacity 58964K, committed 59160K, reserved 1099776K
  class space    used 7738K, capacity 8202K, committed 8232K, reserved 1048576K
}
Event: 4.996 GC heap before
{Heap before GC invocations=12 (full 3):
 PSYoungGen      total 394752K, used 19948K [0x00000000d5580000, 0x00000000f5980000, 0x0000000100000000)
  eden space 374784K, 0% used [0x00000000d5580000,0x00000000d5580000,0x00000000ec380000)
  from space 19968K, 99% used [0x00000000ec380000,0x00000000ed6fb330,0x00000000ed700000)
  to   space 25600K, 0% used [0x00000000f4080000,0x00000000f4080000,0x00000000f5980000)
 ParOldGen       total 84992K, used 26019K [0x0000000080000000, 0x0000000085300000, 0x00000000d5580000)
  object space 84992K, 30% used [0x0000000080000000,0x0000000081968c68,0x0000000085300000)
 Metaspace       used 56569K, capacity 58964K, committed 59160K, reserved 1099776K
  class space    used 7738K, capacity 8202K, committed 8232K, reserved 1048576K
Event: 5.156 GC heap after
Heap after GC invocations=12 (full 3):
 PSYoungGen      total 394752K, used 0K [0x00000000d5580000, 0x00000000f5980000, 0x0000000100000000)
  eden space 374784K, 0% used [0x00000000d5580000,0x00000000d5580000,0x00000000ec380000)
  from space 19968K, 0% used [0x00000000ec380000,0x00000000ec380000,0x00000000ed700000)
  to   space 25600K, 0% used [0x00000000f4080000,0x00000000f4080000,0x00000000f5980000)
 ParOldGen       total 133632K, used 37606K [0x0000000080000000, 0x0000000088280000, 0x00000000d5580000)
  object space 133632K, 28% used [0x0000000080000000,0x00000000824b9be8,0x0000000088280000)
 Metaspace       used 56560K, capacity 58934K, committed 59160K, reserved 1099776K
  class space    used 7735K, capacity 8197K, committed 8232K, reserved 1048576K
}
Event: 15.937 GC heap before
{Heap before GC invocations=13 (full 3):
 PSYoungGen      total 394752K, used 374784K [0x00000000d5580000, 0x00000000f5980000, 0x0000000100000000)
  eden space 374784K, 100% used [0x00000000d5580000,0x00000000ec380000,0x00000000ec380000)
  from space 19968K, 0% used [0x00000000ec380000,0x00000000ec380000,0x00000000ed700000)
  to   space 25600K, 0% used [0x00000000f4080000,0x00000000f4080000,0x00000000f5980000)
 ParOldGen       total 133632K, used 37606K [0x0000000080000000, 0x0000000088280000, 0x00000000d5580000)
  object space 133632K, 28% used [0x0000000080000000,0x00000000824b9be8,0x0000000088280000)
 Metaspace       used 71016K, capacity 74298K, committed 74520K, reserved 1114112K
  class space    used 9520K, capacity 10171K, committed 10280K, reserved 1048576K
Event: 15.962 GC heap after
Heap after GC invocations=13 (full 3):
 PSYoungGen      total 475136K, used 25597K [0x00000000d5580000, 0x00000000f5980000, 0x0000000100000000)
  eden space 449536K, 0% used [0x00000000d5580000,0x00000000d5580000,0x00000000f0c80000)
  from space 25600K, 99% used [0x00000000f4080000,0x00000000f597f470,0x00000000f5980000)
  to   space 30208K, 0% used [0x00000000f1e80000,0x00000000f1e80000,0x00000000f3c00000)
 ParOldGen       total 133632K, used 40528K [0x0000000080000000, 0x0000000088280000, 0x00000000d5580000)
  object space 133632K, 30% used [0x0000000080000000,0x0000000082794020,0x0000000088280000)
 Metaspace       used 71016K, capacity 74298K, committed 74520K, reserved 1114112K
  class space    used 9520K, capacity 10171K, committed 10280K, reserved 1048576K
}

