# JRE version: OpenJDK Runtime Environment (8.0_242-b01) (build 1.8.0_242-release-1644-b01)
# Java VM: OpenJDK 64-Bit Server VM (25.242-b01 mixed mode windows-amd64 compressed oops)
Heap:
 PSYoungGen      total 642560K, used 70036K [0x00000000d5580000, 0x0000000100000000, 0x0000000100000000)
  eden space 590336K, 11% used [0x00000000d5580000,0x00000000d99e5280,0x00000000f9600000)
  from space 52224K, 0% used [0x00000000fcd00000,0x00000000fcd00000,0x0000000100000000)
  to   space 54272K, 0% used [0x00000000f9600000,0x00000000f9600000,0x00000000fcb00000)
 ParOldGen       total 233984K, used 65051K [0x0000000080000000, 0x000000008e480000, 0x00000000d5580000)
  object space 233984K, 27% used [0x0000000080000000,0x0000000083f86d10,0x000000008e480000)
 Metaspace       used 95254K, capacity 100070K, committed 101208K, reserved 1136640K
  class space    used 12480K, capacity 13352K, committed 13696K, reserved 1048576K
GC Heap History (10 events):
Event: 29.474 GC heap before
{Heap before GC invocations=28 (full 3):
 PSYoungGen      total 586240K, used 560528K [0x00000000d5580000, 0x00000000fca00000, 0x0000000100000000)
  eden space 543232K, 100% used [0x00000000d5580000,0x00000000f6800000,0x00000000f6800000)
  from space 43008K, 40% used [0x00000000fa000000,0x00000000fb0e4190,0x00000000fca00000)
  to   space 50176K, 0% used [0x00000000f6800000,0x00000000f6800000,0x00000000f9900000)
 ParOldGen       total 161792K, used 101234K [0x0000000080000000, 0x0000000089e00000, 0x00000000d5580000)
  object space 161792K, 62% used [0x0000000080000000,0x00000000862dca28,0x0000000089e00000)
 Metaspace       used 90454K, capacity 95602K, committed 95832K, reserved 1132544K
  class space    used 12134K, capacity 13080K, committed 13184K, reserved 1048576K
Event: 29.487 GC heap after
Heap after GC invocations=28 (full 3):
 PSYoungGen      total 593408K, used 12781K [0x00000000d5580000, 0x0000000100000000, 0x0000000100000000)
  eden space 543232K, 0% used [0x00000000d5580000,0x00000000d5580000,0x00000000f6800000)
  from space 50176K, 25% used [0x00000000f6800000,0x00000000f747b718,0x00000000f9900000)
  to   space 48640K, 0% used [0x00000000fd080000,0x00000000fd080000,0x0000000100000000)
 ParOldGen       total 161792K, used 102325K [0x0000000080000000, 0x0000000089e00000, 0x00000000d5580000)
  object space 161792K, 63% used [0x0000000080000000,0x00000000863ed588,0x0000000089e00000)
 Metaspace       used 90454K, capacity 95602K, committed 95832K, reserved 1132544K
  class space    used 12134K, capacity 13080K, committed 13184K, reserved 1048576K
}
Event: 30.802 GC heap before
{Heap before GC invocations=29 (full 3):
 PSYoungGen      total 593408K, used 556013K [0x00000000d5580000, 0x0000000100000000, 0x0000000100000000)
  eden space 543232K, 100% used [0x00000000d5580000,0x00000000f6800000,0x00000000f6800000)
  from space 50176K, 25% used [0x00000000f6800000,0x00000000f747b718,0x00000000f9900000)
  to   space 48640K, 0% used [0x00000000fd080000,0x00000000fd080000,0x0000000100000000)
 ParOldGen       total 161792K, used 102325K [0x0000000080000000, 0x0000000089e00000, 0x00000000d5580000)
  object space 161792K, 63% used [0x0000000080000000,0x00000000863ed588,0x0000000089e00000)
 Metaspace       used 90502K, capacity 95616K, committed 95832K, reserved 1132544K
  class space    used 12134K, capacity 13081K, committed 13184K, reserved 1048576K
Event: 30.813 GC heap after
Heap after GC invocations=29 (full 3):
 PSYoungGen      total 646144K, used 6927K [0x00000000d5580000, 0x00000000ffd80000, 0x0000000100000000)
  eden space 600064K, 0% used [0x00000000d5580000,0x00000000d5580000,0x00000000f9f80000)
  from space 46080K, 15% used [0x00000000fd080000,0x00000000fd743eb0,0x00000000ffd80000)
  to   space 48128K, 0% used [0x00000000f9f80000,0x00000000f9f80000,0x00000000fce80000)
 ParOldGen       total 161792K, used 102325K [0x0000000080000000, 0x0000000089e00000, 0x00000000d5580000)
  object space 161792K, 63% used [0x0000000080000000,0x00000000863ed588,0x0000000089e00000)
 Metaspace       used 90502K, capacity 95616K, committed 95832K, reserved 1132544K
  class space    used 12134K, capacity 13081K, committed 13184K, reserved 1048576K
}
Event: 32.600 GC heap before
{Heap before GC invocations=30 (full 3):
 PSYoungGen      total 646144K, used 606991K [0x00000000d5580000, 0x00000000ffd80000, 0x0000000100000000)
  eden space 600064K, 100% used [0x00000000d5580000,0x00000000f9f80000,0x00000000f9f80000)
  from space 46080K, 15% used [0x00000000fd080000,0x00000000fd743eb0,0x00000000ffd80000)
  to   space 48128K, 0% used [0x00000000f9f80000,0x00000000f9f80000,0x00000000fce80000)
 ParOldGen       total 161792K, used 102325K [0x0000000080000000, 0x0000000089e00000, 0x00000000d5580000)
  object space 161792K, 63% used [0x0000000080000000,0x00000000863ed588,0x0000000089e00000)
 Metaspace       used 91638K, capacity 96906K, committed 97240K, reserved 1132544K
  class space    used 12258K, capacity 13230K, committed 13312K, reserved 1048576K
Event: 32.645 GC heap after
Heap after GC invocations=30 (full 3):
 PSYoungGen      total 646656K, used 46522K [0x00000000d5580000, 0x0000000100000000, 0x0000000100000000)
  eden space 600064K, 0% used [0x00000000d5580000,0x00000000d5580000,0x00000000f9f80000)
  from space 46592K, 99% used [0x00000000f9f80000,0x00000000fcceeb30,0x00000000fcd00000)
  to   space 52224K, 0% used [0x00000000fcd00000,0x00000000fcd00000,0x0000000100000000)
 ParOldGen       total 161792K, used 102325K [0x0000000080000000, 0x0000000089e00000, 0x00000000d5580000)
  object space 161792K, 63% used [0x0000000080000000,0x00000000863ed588,0x0000000089e00000)
 Metaspace       used 91638K, capacity 96906K, committed 97240K, reserved 1132544K
  class space    used 12258K, capacity 13230K, committed 13312K, reserved 1048576K
}
Event: 33.255 GC heap before
{Heap before GC invocations=31 (full 3):
 PSYoungGen      total 646656K, used 165973K [0x00000000d5580000, 0x0000000100000000, 0x0000000100000000)
  eden space 600064K, 19% used [0x00000000d5580000,0x00000000dca26a68,0x00000000f9f80000)
  from space 46592K, 99% used [0x00000000f9f80000,0x00000000fcceeb30,0x00000000fcd00000)
  to   space 52224K, 0% used [0x00000000fcd00000,0x00000000fcd00000,0x0000000100000000)
 ParOldGen       total 161792K, used 102325K [0x0000000080000000, 0x0000000089e00000, 0x00000000d5580000)
  object space 161792K, 63% used [0x0000000080000000,0x00000000863ed588,0x0000000089e00000)
 Metaspace       used 92855K, capacity 98218K, committed 98280K, reserved 1134592K
  class space    used 12411K, capacity 13382K, committed 13440K, reserved 1048576K
Event: 33.274 GC heap after
Heap after GC invocations=31 (full 3):
 PSYoungGen      total 642560K, used 9424K [0x00000000d5580000, 0x0000000100000000, 0x0000000100000000)
  eden space 590336K, 0% used [0x00000000d5580000,0x00000000d5580000,0x00000000f9600000)
  from space 52224K, 18% used [0x00000000fcd00000,0x00000000fd634348,0x0000000100000000)
  to   space 54272K, 0% used [0x00000000f9600000,0x00000000f9600000,0x00000000fcb00000)
 ParOldGen       total 161792K, used 102325K [0x0000000080000000, 0x0000000089e00000, 0x00000000d5580000)
  object space 161792K, 63% used [0x0000000080000000,0x00000000863ed588,0x0000000089e00000)
 Metaspace       used 92855K, capacity 98218K, committed 98280K, reserved 1134592K
  class space    used 12411K, capacity 13382K, committed 13440K, reserved 1048576K
}
Event: 33.274 GC heap before
{Heap before GC invocations=32 (full 4):
 PSYoungGen      total 642560K, used 9424K [0x00000000d5580000, 0x0000000100000000, 0x0000000100000000)
  eden space 590336K, 0% used [0x00000000d5580000,0x00000000d5580000,0x00000000f9600000)
  from space 52224K, 18% used [0x00000000fcd00000,0x00000000fd634348,0x0000000100000000)
  to   space 54272K, 0% used [0x00000000f9600000,0x00000000f9600000,0x00000000fcb00000)
 ParOldGen       total 161792K, used 102325K [0x0000000080000000, 0x0000000089e00000, 0x00000000d5580000)
  object space 161792K, 63% used [0x0000000080000000,0x00000000863ed588,0x0000000089e00000)
 Metaspace       used 92855K, capacity 98218K, committed 98280K, reserved 1134592K
  class space    used 12411K, capacity 13382K, committed 13440K, reserved 1048576K
Event: 33.488 GC heap after
Heap after GC invocations=32 (full 4):
 PSYoungGen      total 642560K, used 0K [0x00000000d5580000, 0x0000000100000000, 0x0000000100000000)
  eden space 590336K, 0% used [0x00000000d5580000,0x00000000d5580000,0x00000000f9600000)
  from space 52224K, 0% used [0x00000000fcd00000,0x00000000fcd00000,0x0000000100000000)
  to   space 54272K, 0% used [0x00000000f9600000,0x00000000f9600000,0x00000000fcb00000)
 ParOldGen       total 233984K, used 65051K [0x0000000080000000, 0x000000008e480000, 0x00000000d5580000)
  object space 233984K, 27% used [0x0000000080000000,0x0000000083f86d10,0x000000008e480000)
 Metaspace       used 92484K, capacity 97290K, committed 98280K, reserved 1134592K
  class space    used 12283K, capacity 13154K, committed 13440K, reserved 1048576K
}

